$ npx create-next-app@latest
Need to install the following packages:
create-next-app@15.4.5
Ok to proceed? (y) y

√ What is your project named? ... noname-tennis-group
√ Would you like to use TypeScript? ... No / Yes
√ Would you like to use ESLint? ... No / Yes
√ Would you like to use Tailwind CSS? ... No / Yes
√ Would you like your code inside a `src/` directory? ... No / Yes
√ Would you like to use App Router? (recommended) ... No / Yes
√ Would you like to use Turbopack for `next dev`? ... No / Yes
√ Would you like to customize the import alias (`@/*` by default)? ... No / Yes
√ What import alias would you like configured? ... @/*
Creating a new Next.js app

Using npm.

Initializing project with template: app-tw


Installing dependencies:
- react
- react-dom
- next

Installing devDependencies:
- typescript
- @types/node
- @types/react
- @types/react-dom
- @tailwindcss/postcss
- tailwindcss
- eslint
- eslint-config-next
- @eslint/eslintrc


added 401 packages, and audited 402 packages in 1m

166 packages are looking for funding
  run `npm fund` for details

found 0 vulnerabilities
Success!

$ npm install --save-dev eslint-config-prettier

added 1 package, and audited 403 packages in 2s

167 packages are looking for funding
  run `npm fund` for details

found 0 vulnerabilities
